1746203056546	geckodriver	INFO	Listening on 127.0.0.1:64521
1746203059621	mozrunner::runner	INFO	Running command: "C:\\Program Files\\Mozilla Firefox\\firefox.exe" "--marionette" "--remote-debugging-port" "64522" "--remote-allow-hosts" "localhost" "-no-remote" "-profile" "C:\\Users\\FETULL~1\\AppData\\Local\\Temp\\rust_mozprofilebsBykt"
console.warn: services.settings: Ignoring preference override of remote settings server
console.warn: services.settings: Allow by setting MOZ_REMOTE_SETTINGS_DEVTOOLS=1 in the environment
Dynamically enable window occlusion 0
1746203059898	Marionette	INFO	Marionette enabled
1746203060020	Marionette	INFO	Listening on port 64531
WebDriver BiDi listening on ws://127.0.0.1:64522
Read port: 64531
1746203060114	RemoteAgent	WARN	TLS certificate errors will be ignored for this session
DevTools listening on ws://127.0.0.1:64522/devtools/browser/312f7720-a831-493c-ab18-65c17e4f52fc
console.warn: LoginRecipes: "Falling back to a synchronous message for: https://practicesoftwaretesting.com."
console.warn: LoginRecipes: "Falling back to a synchronous message for: https://practicesoftwaretesting.com."
console.warn: LoginRecipes: "Falling back to a synchronous message for: https://practicesoftwaretesting.com."
console.warn: LoginRecipes: "Falling back to a synchronous message for: https://practicesoftwaretesting.com."
console.warn: LoginRecipes: "Falling back to a synchronous message for: https://practicesoftwaretesting.com."
console.warn: FormAutofillSection: isRecordCreatable: Country not supported: NL
1746203074621	Marionette	INFO	Stopped listening on port 64531
Dynamically enable window occlusion 1
JavaScript warning: https://practicesoftwaretesting.com/polyfills.7c108f25644b5289.js, line 1: Script terminated by timeout at:
J@https://practicesoftwaretesting.com/polyfills.7c108f25644b5289.js:1:21829

