1746182646012	geckodriver	INFO	Listening on 127.0.0.1:64240
1746182649092	mozrunner::runner	INFO	Running command: "C:\\Program Files\\Mozilla Firefox\\firefox.exe" "--marionette" "--remote-debugging-port" "64241" "--remote-allow-hosts" "localhost" "-no-remote" "-profile" "C:\\Users\\FETULL~1\\AppData\\Local\\Temp\\rust_mozprofile38HGMT"
console.warn: services.settings: Ignoring preference override of remote settings server
console.warn: services.settings: Allow by setting MOZ_REMOTE_SETTINGS_DEVTOOLS=1 in the environment
Dynamically enable window occlusion 0
1746182649641	Marionette	INFO	Marionette enabled
1746182649848	Marionette	INFO	Listening on port 64255
WebDriver BiDi listening on ws://127.0.0.1:64241
Read port: 64255
1746182650193	RemoteAgent	WARN	TLS certificate errors will be ignored for this session
DevTools listening on ws://127.0.0.1:64241/devtools/browser/9b8a15ad-12b0-485b-8d89-e7b198e10489
console.warn: LoginRecipes: "Falling back to a synchronous message for: https://practicesoftwaretesting.com."
console.warn: LoginRecipes: "Falling back to a synchronous message for: https://practicesoftwaretesting.com."
console.warn: LoginRecipes: "Falling back to a synchronous message for: https://practicesoftwaretesting.com."
console.warn: LoginRecipes: "Falling back to a synchronous message for: https://practicesoftwaretesting.com."
1746182688816	Marionette	INFO	Stopped listening on port 64255
Dynamically enable window occlusion 1
JavaScript warning: https://practicesoftwaretesting.com/polyfills.7c108f25644b5289.js, line 1: Script terminated by timeout at:
j@https://practicesoftwaretesting.com/polyfills.7c108f25644b5289.js:1:21451
J@https://practicesoftwaretesting.com/polyfills.7c108f25644b5289.js:1:21840

