1746183033982	geckodriver	INFO	Listening on 127.0.0.1:64978
1746183037067	mozrunner::runner	INFO	Running command: "C:\\Program Files\\Mozilla Firefox\\firefox.exe" "--marionette" "--remote-debugging-port" "64979" "--remote-allow-hosts" "localhost" "-no-remote" "-profile" "C:\\Users\\FETULL~1\\AppData\\Local\\Temp\\rust_mozprofile1WvOVy"
console.warn: services.settings: Ignoring preference override of remote settings server
console.warn: services.settings: Allow by setting MOZ_REMOTE_SETTINGS_DEVTOOLS=1 in the environment
Dynamically enable window occlusion 0
1746183037330	Marionette	INFO	Marionette enabled
1746183037444	Marionette	INFO	Listening on port 64994
WebDriver BiDi listening on ws://127.0.0.1:64979
Read port: 64994
1746183037564	RemoteAgent	WARN	TLS certificate errors will be ignored for this session
DevTools listening on ws://127.0.0.1:64979/devtools/browser/2e4efbac-926a-4f8a-86a3-248b4e838e0f
console.warn: LoginRecipes: "Falling back to a synchronous message for: https://practicesoftwaretesting.com."
console.warn: LoginRecipes: "Falling back to a synchronous message for: https://practicesoftwaretesting.com."
console.warn: LoginRecipes: "Falling back to a synchronous message for: https://practicesoftwaretesting.com."
console.warn: LoginRecipes: "Falling back to a synchronous message for: https://practicesoftwaretesting.com."
1746183073998	Marionette	INFO	Stopped listening on port 64994
Dynamically enable window occlusion 1
JavaScript warning: https://practicesoftwaretesting.com/polyfills.7c108f25644b5289.js, line 1: Script terminated by timeout at:
j@https://practicesoftwaretesting.com/polyfills.7c108f25644b5289.js:1:21451
J@https://practicesoftwaretesting.com/polyfills.7c108f25644b5289.js:1:21840

console.error: "Could not download new icon" [Exception... "<no message>"  nsresult: "0x8046001e (<unknown>)"  location: "JS frame :: resource://gre/modules/ServiceRequest.sys.mjs :: open :: line 126"  data: no]
console.error: "Could not download new icon" [Exception... "<no message>"  nsresult: "0x8046001e (<unknown>)"  location: "JS frame :: resource://gre/modules/ServiceRequest.sys.mjs :: open :: line 126"  data: no]
console.error: "Could not download new icon" [Exception... "<no message>"  nsresult: "0x8046001e (<unknown>)"  location: "JS frame :: resource://gre/modules/ServiceRequest.sys.mjs :: open :: line 126"  data: no]
console.error: "Could not download new icon" [Exception... "<no message>"  nsresult: "0x8046001e (<unknown>)"  location: "JS frame :: resource://gre/modules/ServiceRequest.sys.mjs :: open :: line 126"  data: no]
console.error: "Could not download new icon" [Exception... "<no message>"  nsresult: "0x8046001e (<unknown>)"  location: "JS frame :: resource://gre/modules/ServiceRequest.sys.mjs :: open :: line 126"  data: no]
console.error: "Could not download new icon" [Exception... "<no message>"  nsresult: "0x8046001e (<unknown>)"  location: "JS frame :: resource://gre/modules/ServiceRequest.sys.mjs :: open :: line 126"  data: no]
console.error: "Could not download new icon" [Exception... "<no message>"  nsresult: "0x8046001e (<unknown>)"  location: "JS frame :: resource://gre/modules/ServiceRequest.sys.mjs :: open :: line 126"  data: no]
