1746203231049	geckodriver	INFO	Listening on 127.0.0.1:64701
1746203234106	mozrunner::runner	INFO	Running command: "C:\\Program Files\\Mozilla Firefox\\firefox.exe" "--marionette" "--remote-debugging-port" "64702" "--remote-allow-hosts" "localhost" "-no-remote" "-profile" "C:\\Users\\FETULL~1\\AppData\\Local\\Temp\\rust_mozprofilel9o2bx"
console.warn: services.settings: Ignoring preference override of remote settings server
console.warn: services.settings: Allow by setting MOZ_REMOTE_SETTINGS_DEVTOOLS=1 in the environment
Dynamically enable window occlusion 0
1746203234368	Marionette	INFO	Marionette enabled
1746203234487	Marionette	INFO	Listening on port 64711
WebDriver BiDi listening on ws://127.0.0.1:64702
Read port: 64711
1746203234601	RemoteAgent	WARN	TLS certificate errors will be ignored for this session
DevTools listening on ws://127.0.0.1:64702/devtools/browser/dbd677a5-f019-4bc7-b389-3590025a8dc3
console.warn: LoginRecipes: "Falling back to a synchronous message for: https://practicesoftwaretesting.com."
console.warn: LoginRecipes: "Falling back to a synchronous message for: https://practicesoftwaretesting.com."
console.warn: LoginRecipes: "Falling back to a synchronous message for: https://practicesoftwaretesting.com."
console.warn: LoginRecipes: "Falling back to a synchronous message for: https://practicesoftwaretesting.com."
console.warn: LoginRecipes: "Falling back to a synchronous message for: https://practicesoftwaretesting.com."
console.warn: FormAutofillSection: isRecordCreatable: Country not supported: NL
1746203246298	Marionette	INFO	Stopped listening on port 64711
Dynamically enable window occlusion 1
JavaScript warning: https://practicesoftwaretesting.com/polyfills.7c108f25644b5289.js, line 1: Script terminated by timeout at:
J@https://practicesoftwaretesting.com/polyfills.7c108f25644b5289.js:1:21829

