1746202993246	geckodriver	INFO	Listening on 127.0.0.1:64432
1746202996334	mozrunner::runner	INFO	Running command: "C:\\Program Files\\Mozilla Firefox\\firefox.exe" "--marionette" "--remote-debugging-port" "64433" "--remote-allow-hosts" "localhost" "-no-remote" "-profile" "C:\\Users\\FETULL~1\\AppData\\Local\\Temp\\rust_mozprofilebUhSL3"
console.warn: services.settings: Ignoring preference override of remote settings server
console.warn: services.settings: Allow by setting MOZ_REMOTE_SETTINGS_DEVTOOLS=1 in the environment
Dynamically enable window occlusion 0
1746202996607	Marionette	INFO	Marionette enabled
1746202996729	Marionette	INFO	Listening on port 64444
WebDriver BiDi listening on ws://127.0.0.1:64433
Read port: 64444
1746202996854	RemoteAgent	WARN	TLS certificate errors will be ignored for this session
DevTools listening on ws://127.0.0.1:64433/devtools/browser/f3aee351-d60a-4d66-a81d-955763dae101
console.warn: LoginRecipes: "Falling back to a synchronous message for: https://practicesoftwaretesting.com."
console.warn: LoginRecipes: "Falling back to a synchronous message for: https://practicesoftwaretesting.com."
console.warn: LoginRecipes: "Falling back to a synchronous message for: https://practicesoftwaretesting.com."
console.warn: LoginRecipes: "Falling back to a synchronous message for: https://practicesoftwaretesting.com."
console.warn: LoginRecipes: "Falling back to a synchronous message for: https://practicesoftwaretesting.com."
console.warn: FormAutofillSection: isRecordCreatable: Country not supported: NL
1746203009177	Marionette	INFO	Stopped listening on port 64444
Dynamically enable window occlusion 1
JavaScript warning: https://practicesoftwaretesting.com/polyfills.7c108f25644b5289.js, line 1: Script terminated by timeout at:
J@https://practicesoftwaretesting.com/polyfills.7c108f25644b5289.js:1:21829

