1746609363026	geckodriver	INFO	Listening on 127.0.0.1:51937
1746609366144	mozrunner::runner	INFO	Running command: "C:\\Program Files\\Mozilla Firefox\\firefox.exe" "--marionette" "--remote-debugging-port" "51938" "--remote-allow-hosts" "localhost" "-no-remote" "-profile" "C:\\Users\\FETULL~1\\AppData\\Local\\Temp\\rust_mozprofileL2YwG1"
console.warn: services.settings: Ignoring preference override of remote settings server
console.warn: services.settings: Allow by setting MOZ_REMOTE_SETTINGS_DEVTOOLS=1 in the environment
Dynamically enable window occlusion 0
1746609366956	Marionette	INFO	Marionette enabled
1746609367127	Marionette	INFO	Listening on port 51948
WebDriver BiDi listening on ws://127.0.0.1:51938
Read port: 51948
1746609367309	RemoteAgent	WARN	TLS certificate errors will be ignored for this session
DevTools listening on ws://127.0.0.1:51938/devtools/browser/0d4f7838-90b9-4d59-8b4d-476cc00ba064
console.warn: LoginRecipes: "Falling back to a synchronous message for: https://practicesoftwaretesting.com."
console.warn: LoginRecipes: "Falling back to a synchronous message for: https://practicesoftwaretesting.com."
console.warn: LoginRecipes: "Falling back to a synchronous message for: https://practicesoftwaretesting.com."
console.warn: LoginRecipes: "Falling back to a synchronous message for: https://practicesoftwaretesting.com."
console.warn: LoginRecipes: "Falling back to a synchronous message for: https://practicesoftwaretesting.com."
console.warn: FormAutofillSection: isRecordCreatable: Country not supported: NL
console.warn: LoginRecipes: "Falling back to a synchronous message for: https://practicesoftwaretesting.com."
JavaScript error: resource://gre/actors/FormHandlerChild.sys.mjs, line 103: InvalidStateError: JSWindowActorChild.document getter: Cannot access property 'document' after actor 'FormHandler' has been destroyed
1746609505891	Marionette	INFO	Stopped listening on port 51948
Dynamically enable window occlusion 1
JavaScript warning: https://practicesoftwaretesting.com/polyfills.7c108f25644b5289.js, line 1: Script terminated by timeout at:
J@https://practicesoftwaretesting.com/polyfills.7c108f25644b5289.js:1:21829

