1746181731475	geckodriver	INFO	Listening on 127.0.0.1:63050
1746181734545	mozrunner::runner	INFO	Running command: "C:\\Program Files\\Mozilla Firefox\\firefox.exe" "--marionette" "--remote-debugging-port" "63051" "--remote-allow-hosts" "localhost" "-no-remote" "-profile" "C:\\Users\\FETULL~1\\AppData\\Local\\Temp\\rust_mozprofilenm2FPm"
console.warn: services.settings: Ignoring preference override of remote settings server
console.warn: services.settings: Allow by setting MOZ_REMOTE_SETTINGS_DEVTOOLS=1 in the environment
Dynamically enable window occlusion 0
1746181734878	Marionette	INFO	Marionette enabled
1746181735036	Marionette	INFO	Listening on port 63060
WebDriver BiDi listening on ws://127.0.0.1:63051
Read port: 63060
1746181735181	RemoteAgent	WARN	TLS certificate errors will be ignored for this session
DevTools listening on ws://127.0.0.1:63051/devtools/browser/2e5cf312-934c-4e3d-9ad8-a6b0d8521715
console.warn: LoginRecipes: "Falling back to a synchronous message for: https://practicesoftwaretesting.com."
console.warn: LoginRecipes: "Falling back to a synchronous message for: https://practicesoftwaretesting.com."
console.warn: LoginRecipes: "Falling back to a synchronous message for: https://practicesoftwaretesting.com."
console.warn: LoginRecipes: "Falling back to a synchronous message for: https://practicesoftwaretesting.com."
1746181760688	Marionette	INFO	Stopped listening on port 63060
Dynamically enable window occlusion 1
JavaScript warning: https://practicesoftwaretesting.com/polyfills.7c108f25644b5289.js, line 1: Script terminated by timeout at:
j@https://practicesoftwaretesting.com/polyfills.7c108f25644b5289.js:1:21451
J@https://practicesoftwaretesting.com/polyfills.7c108f25644b5289.js:1:21840

