1746183177425	geckodriver	INFO	Listening on 127.0.0.1:65208
1746183180504	mozrunner::runner	INFO	Running command: "C:\\Program Files\\Mozilla Firefox\\firefox.exe" "--marionette" "--remote-debugging-port" "65209" "--remote-allow-hosts" "localhost" "-no-remote" "-profile" "C:\\Users\\FETULL~1\\AppData\\Local\\Temp\\rust_mozprofileXDcYGW"
console.warn: services.settings: Ignoring preference override of remote settings server
console.warn: services.settings: Allow by setting MOZ_REMOTE_SETTINGS_DEVTOOLS=1 in the environment
Dynamically enable window occlusion 0
1746183180770	Marionette	INFO	Marionette enabled
1746183180885	Marionette	INFO	Listening on port 65218
WebDriver BiDi listening on ws://127.0.0.1:65209
Read port: 65218
1746183181002	RemoteAgent	WARN	TLS certificate errors will be ignored for this session
DevTools listening on ws://127.0.0.1:65209/devtools/browser/b32e3e61-e158-4458-bcc5-5bd5ec6aff0a
console.warn: LoginRecipes: "Falling back to a synchronous message for: https://practicesoftwaretesting.com."
console.warn: LoginRecipes: "Falling back to a synchronous message for: https://practicesoftwaretesting.com."
console.warn: LoginRecipes: "Falling back to a synchronous message for: https://practicesoftwaretesting.com."
console.warn: LoginRecipes: "Falling back to a synchronous message for: https://practicesoftwaretesting.com."
1746183212729	Marionette	INFO	Stopped listening on port 65218
Dynamically enable window occlusion 1
JavaScript warning: https://practicesoftwaretesting.com/polyfills.7c108f25644b5289.js, line 1: Script terminated by timeout at:
j@https://practicesoftwaretesting.com/polyfills.7c108f25644b5289.js:1:21451
J@https://practicesoftwaretesting.com/polyfills.7c108f25644b5289.js:1:21840

console.error: services.settings: 
Object
  - prototype Object
    - columnNumber = 0
    - data = null
    - filename = resource://gre/modules/ServiceRequest.sys.mjs
    - lineNumber = 126
    - location = {"name":"open","filename":"resource://gre/modules/ServiceRequest.sys.mjs","sourceId":29,"lineNumber":126,"columnNumber":11,"asyncCause":null,"asyncCaller":null,"caller":{"filename":"resource://services-settings/Utils.sys.mjs","name":"fetch/<","sourceId":28,"lineNumber":268,"columnNumber":15,"asyncCause":null,"asyncCaller":null,"caller":{"filename":"resource://services-settings/Utils.sys.mjs","name":"fetch","sourceId":28,"lineNumber":219,"columnNumber":12,"asyncCause":null,"asyncCaller":null,"caller":{"filename":"resource://services-settings/RemoteSettingsClient.sys.mjs","name":"validateCollectionSignature","sourceId":26,"lineNumber":1023,"columnNumber":47,"asyncCause":null,"asyncCaller":null,"caller":{"filename":"resource://services-settings/RemoteSettingsClient.sys.mjs","name":"maybeSync","sourceId":26,"lineNumber":740,"columnNumber":26,"asyncCause":null,"asyncCaller":null,"caller":null,"formattedStack":"maybeSync@resource://services-settings/RemoteSettingsClient.sys.mjs:740:26\n","nativeSavedFrame":{}},"formattedStack":"validateCollectionSignature@resource://services-settings/RemoteSettingsClient.sys.mjs:1023:47\nmaybeSync@resource://services-settings/RemoteSettingsClient.sys.mjs:740:26\n","nativeSavedFrame":{}},"formattedStack":"fetch@resource://services-settings/Utils.sys.mjs:219:12\nvalidateCollectionSignature@resource://services-settings/RemoteSettingsClient.sys.mjs:1023:47\nmaybeSync@resource://services-settings/RemoteSettingsClient.sys.mjs:740:26\n","nativeSavedFrame":{}},"formattedStack":"fetch/<@resource://services-settings/Utils.sys.mjs:268:15\nfetch@resource://services-settings/Utils.sys.mjs:219:12\nvalidateCollectionSignature@resource://services-settings/RemoteSettingsClient.sys.mjs:1023:47\nmaybeSync@resource://services-settings/RemoteSettingsClient.sys.mjs:740:26\n","nativeSavedFrame":{}},"formattedStack":"open@resource://gre/modules/ServiceRequest.sys.mjs:126:11\nfetch/<@resource://services-settings/Utils.sys.mjs:268:15\nfetch@resource://services-settings/Utils.sys.mjs:219:12\nvalidateCollectionSignature@resource://services-settings/RemoteSettingsClient.sys.mjs:1023:47\nmaybeSync@resource://services-settings/RemoteSettingsClient.sys.mjs:740:26\n","nativeSavedFrame":{}}
    - message = 
    - name = 
    - result = 2152071198
    - stack = open@resource://gre/modules/ServiceRequest.sys.mjs:126:11|fetch/<@resource://services-settings/Utils.sys.mjs:268:15|fetch@resource://services-settings/Utils.sys.mjs:219:12|validateCollectionSignature@resource://services-settings/RemoteSettingsClient.sys.mjs:1023:47|maybeSync@resource://services-settings/RemoteSettingsClient.sys.mjs:740:26|
  - prototype Object
console.warn: services.settings: main/message-groups sync interrupted by shutdown
console.warn: services.settings: main/fingerprinting-protection-overrides sync interrupted by shutdown
console.warn: services.settings: main/search-config-overrides-v2 sync interrupted by shutdown
console.warn: services.settings: main/query-stripping sync interrupted by shutdown
console.warn: services.settings: main/addons-manager-settings sync interrupted by shutdown
console.warn: services.settings: main/fxmonitor-breaches sync interrupted by shutdown
console.warn: services.settings: main/password-recipes sync interrupted by shutdown
console.error: (new AbortError("IndexedDB: main/language-dictionaries getLastModified() IndexedDB:  execute() A request was aborted, for example through a call to IDBTransaction.abort.", "resource://services-settings/IDBHelpers.sys.mjs", 16))
