1746184125278	geckodriver	INFO	Listening on 127.0.0.1:50347
1746184128364	mozrunner::runner	INFO	Running command: "C:\\Program Files\\Mozilla Firefox\\firefox.exe" "--marionette" "--remote-debugging-port" "50348" "--remote-allow-hosts" "localhost" "-no-remote" "-profile" "C:\\Users\\FETULL~1\\AppData\\Local\\Temp\\rust_mozprofile1aTxsB"
console.warn: services.settings: Ignoring preference override of remote settings server
console.warn: services.settings: Allow by setting MOZ_REMOTE_SETTINGS_DEVTOOLS=1 in the environment
Dynamically enable window occlusion 0
1746184128656	Marionette	INFO	Marionette enabled
1746184128768	Marionette	INFO	Listening on port 50357
WebDriver BiDi listening on ws://127.0.0.1:50348
Read port: 50357
1746184128897	RemoteAgent	WARN	TLS certificate errors will be ignored for this session
DevTools listening on ws://127.0.0.1:50348/devtools/browser/9aca1c44-3fa9-45ff-8eba-6b19c7393e57
console.warn: LoginRecipes: "Falling back to a synchronous message for: https://practicesoftwaretesting.com."
console.warn: LoginRecipes: "Falling back to a synchronous message for: https://practicesoftwaretesting.com."
console.warn: LoginRecipes: "Falling back to a synchronous message for: https://practicesoftwaretesting.com."
console.warn: LoginRecipes: "Falling back to a synchronous message for: https://practicesoftwaretesting.com."
1746184160112	Marionette	INFO	Stopped listening on port 50357
Dynamically enable window occlusion 1
JavaScript warning: https://practicesoftwaretesting.com/polyfills.7c108f25644b5289.js, line 1: Script terminated by timeout at:
J@https://practicesoftwaretesting.com/polyfills.7c108f25644b5289.js:1:21829

console.error: services.settings: 
  security-state/intermediates Signature failed  [Exception... "<no message>"  nsresult: "0x8046001e (<unknown>)"  location: "JS frame :: resource://gre/modules/ServiceRequest.sys.mjs :: open :: line 126"  data: no]
console.error: services.settings: 
Object
  - prototype Object
    - columnNumber = 0
    - data = null
    - filename = resource://gre/modules/ServiceRequest.sys.mjs
    - lineNumber = 126
    - location = {"name":"open","filename":"resource://gre/modules/ServiceRequest.sys.mjs","sourceId":29,"lineNumber":126,"columnNumber":11,"asyncCause":null,"asyncCaller":null,"caller":{"filename":"resource://services-settings/Utils.sys.mjs","name":"fetch/<","sourceId":28,"lineNumber":268,"columnNumber":15,"asyncCause":null,"asyncCaller":null,"caller":{"filename":"resource://services-settings/Utils.sys.mjs","name":"fetch","sourceId":28,"lineNumber":219,"columnNumber":12,"asyncCause":null,"asyncCaller":null,"caller":{"filename":"resource://services-settings/RemoteSettingsClient.sys.mjs","name":"validateCollectionSignature","sourceId":26,"lineNumber":1023,"columnNumber":47,"asyncCause":null,"asyncCaller":null,"caller":{"filename":"resource://services-settings/RemoteSettingsClient.sys.mjs","name":"_importChanges","sourceId":26,"lineNumber":1102,"columnNumber":20,"asyncCause":null,"asyncCaller":null,"caller":null,"formattedStack":"_importChanges@resource://services-settings/RemoteSettingsClient.sys.mjs:1102:20\n","nativeSavedFrame":{}},"formattedStack":"validateCollectionSignature@resource://services-settings/RemoteSettingsClient.sys.mjs:1023:47\n_importChanges@resource://services-settings/RemoteSettingsClient.sys.mjs:1102:20\n","nativeSavedFrame":{}},"formattedStack":"fetch@resource://services-settings/Utils.sys.mjs:219:12\nvalidateCollectionSignature@resource://services-settings/RemoteSettingsClient.sys.mjs:1023:47\n_importChanges@resource://services-settings/RemoteSettingsClient.sys.mjs:1102:20\n","nativeSavedFrame":{}},"formattedStack":"fetch/<@resource://services-settings/Utils.sys.mjs:268:15\nfetch@resource://services-settings/Utils.sys.mjs:219:12\nvalidateCollectionSignature@resource://services-settings/RemoteSettingsClient.sys.mjs:1023:47\n_importChanges@resource://services-settings/RemoteSettingsClient.sys.mjs:1102:20\n","nativeSavedFrame":{}},"formattedStack":"open@resource://gre/modules/ServiceRequest.sys.mjs:126:11\nfetch/<@resource://services-settings/Utils.sys.mjs:268:15\nfetch@resource://services-settings/Utils.sys.mjs:219:12\nvalidateCollectionSignature@resource://services-settings/RemoteSettingsClient.sys.mjs:1023:47\n_importChanges@resource://services-settings/RemoteSettingsClient.sys.mjs:1102:20\n","nativeSavedFrame":{}}
    - message = 
    - name = 
    - result = 2152071198
    - stack = open@resource://gre/modules/ServiceRequest.sys.mjs:126:11|fetch/<@resource://services-settings/Utils.sys.mjs:268:15|fetch@resource://services-settings/Utils.sys.mjs:219:12|validateCollectionSignature@resource://services-settings/RemoteSettingsClient.sys.mjs:1023:47|_importChanges@resource://services-settings/RemoteSettingsClient.sys.mjs:1102:20|
  - prototype Object
console.warn: services.settings: main/devtools-compatibility-browsers sync interrupted by shutdown
console.warn: services.settings: main/translations-models sync interrupted by shutdown
console.warn: services.settings: main/search-config-v2 sync interrupted by shutdown
console.warn: services.settings: main/cfr sync interrupted by shutdown
console.warn: services.settings: main/tracking-protection-lists sync interrupted by shutdown
console.error: (new Error("IndexedDB: main/ml-inference-options getLastModified() IndexedDB:  execute() The application is shutting down", "resource://services-settings/IDBHelpers.sys.mjs", 16))
